info it worked if it ends with ok
verbose cli [ 'node', '/usr/local/bin/npm', 'link', './server/' ]
info using npm@1.1.21
info using node@v0.6.15
verbose /usr/local/bin/node node symlink
verbose config file /Users/anew/.npmrc
verbose config file /usr/local/etc/npmrc
verbose config file /usr/local/lib/node_modules/npm/npmrc
verbose install(where, what) [ '/usr/local/lib', [ './server/' ] ]
verbose caching /usr/local/lib/node_modules/groc/package.json
verbose caching /usr/local/lib/node_modules/jshint/package.json
verbose caching /usr/local/lib/node_modules/npm/package.json
verbose cache add [ './server/', null ]
silly cache add: name, spec, args [ undefined, './server/', [ './server/', null ] ]
verbose parsed url { pathname: './server/', path: './server/', href: './server/' }
ERR! Could not install: ./server/
ERR! Error: ENOENT, stat './server/'
ERR! You may report this log at:
ERR!     <http://github.com/isaacs/npm/issues>
ERR! or email it to:
ERR!     <npm-@googlegroups.com>
ERR! 
ERR! System Darwin 11.4.0
ERR! command "node" "/usr/local/bin/npm" "link" "./server/"
ERR! cwd /Users/anew/continuuity/gateway
ERR! node -v v0.6.15
ERR! npm -v 1.1.21
ERR! path ./server/
ERR! code ENOENT
ERR! message ENOENT, stat './server/'
ERR! errno {}
verbose exit [ 1, true ]
