/*C2*/SET SCHEMA PUBLIC
CREATE CACHED TABLE "meta" (rowkey VARBINARY(1024) NOT NULL, column VARBINARY(1024) NOT NULL, version BIGINT NOT NULL, kvtype INT NOT NULL, id BIGINT IDENTITY, value VARBINARY(1048576) NOT NULL)
CREATE INDEX "theBigIndexmeta" ON "meta" (rowkey, column, version DESC, kvtype, id DESC)
CREATE CACHED TABLE "random" (rowkey VARBINARY(1024) NOT NULL, column VARBINARY(1024) NOT NULL, version BIGINT NOT NULL, kvtype INT NOT NULL, id BIGINT IDENTITY, value VARBINARY(1048576) NOT NULL)
CREATE INDEX "theBigIndexrandom" ON "random" (rowkey, column, version DESC, kvtype, id DESC)
CREATE CACHED TABLE "streamOVCTable" (rowkey VARBINARY(1024) NOT NULL, column VARBINARY(1024) NOT NULL, version BIGINT NOT NULL, kvtype INT NOT NULL, id BIGINT IDENTITY, value VARBINARY(1048576) NOT NULL)
CREATE INDEX "theBigIndexstreamOVCTable" ON "streamOVCTable" (rowkey, column, version DESC, kvtype, id DESC)
INSERT INTO "meta" VALUES('5f6d657461646174615f0064656d6f','73747265616d0000666f6f',1359678527210,3,0,'010264656def000c030004666fef0c05010a066e616de50a04077374726561ed')
COMMIT
INSERT INTO "streamOVCTable" VALUES('73747265616d3a2f2f64656d6f2f666f6f0a','0a',1,3,0,'0000000000000001')
COMMIT
INSERT INTO "streamOVCTable" VALUES('73747265616d3a2f2f64656d6f2f666f6f1e','0a',1,3,1,'000000000000000100000000000000990000000000000001')
COMMIT
INSERT INTO "streamOVCTable" VALUES('73747265616d3a2f2f64656d6f2f666f6f14','0a',1,3,2,'0000000000000001')
COMMIT
INSERT INTO "streamOVCTable" VALUES('73747265616d3a2f2f64656d6f2f666f6f320000000000000001','00000000000000011e',1359678527250,3,3,'000000000093010b02020a03686561646572f30604000a05626f64f90606020c07020b08030a09636f6d2e636f6e74696e75756974792e636f6c6c6563746ff20a0a636f6c6c6563742e666c756de50a0b636f6d2e636f6e74696e75756974792e64657374696e6174696fee0a0c666fef0a0d6d6573736167654e756d6265f20a0e82300f0f1354686973206973206d65737361676520302e')
COMMIT
INSERT INTO "streamOVCTable" VALUES('73747265616d3a2f2f64656d6f2f666f6f320000000000000001','00000000000000010a',1359678527250,3,4,'00')
COMMIT
INSERT INTO "streamOVCTable" VALUES('73747265616d3a2f2f64656d6f2f666f6f0a','0a',1,3,5,'0000000000000002')
COMMIT
INSERT INTO "streamOVCTable" VALUES('73747265616d3a2f2f64656d6f2f666f6f1e','0a',1,3,6,'000000000000000100000000000001320000000000000002')
COMMIT
INSERT INTO "streamOVCTable" VALUES('73747265616d3a2f2f64656d6f2f666f6f14','0a',1,3,7,'0000000000000002')
COMMIT
INSERT INTO "streamOVCTable" VALUES('73747265616d3a2f2f64656d6f2f666f6f320000000000000001','00000000000000021e',1359678527250,3,8,'000000000093010b02020a03686561646572f30604000a05626f64f90606020c07020b08030a09636f6d2e636f6e74696e75756974792e636f6c6c6563746ff20a0a636f6c6c6563742e666c756de50a0b636f6d2e636f6e74696e75756974792e64657374696e6174696fee0a0c666fef0a0d6d6573736167654e756d6265f20a0e82310f0f1354686973206973206d65737361676520312e')
COMMIT
INSERT INTO "streamOVCTable" VALUES('73747265616d3a2f2f64656d6f2f666f6f320000000000000001','00000000000000020a',1359678527250,3,9,'00')
COMMIT
INSERT INTO "streamOVCTable" VALUES('73747265616d3a2f2f64656d6f2f666f6f0a','0a',1,3,10,'0000000000000003')
COMMIT
INSERT INTO "streamOVCTable" VALUES('73747265616d3a2f2f64656d6f2f666f6f1e','0a',1,3,11,'000000000000000100000000000001cb0000000000000003')
COMMIT
INSERT INTO "streamOVCTable" VALUES('73747265616d3a2f2f64656d6f2f666f6f14','0a',1,3,12,'0000000000000003')
COMMIT
INSERT INTO "streamOVCTable" VALUES('73747265616d3a2f2f64656d6f2f666f6f320000000000000001','00000000000000031e',1359678527250,3,13,'000000000093010b02020a03686561646572f30604000a05626f64f90606020c07020b08030a09636f6d2e636f6e74696e75756974792e636f6c6c6563746ff20a0a636f6c6c6563742e666c756de50a0b636f6d2e636f6e74696e75756974792e64657374696e6174696fee0a0c666fef0a0d6d6573736167654e756d6265f20a0e82320f0f1354686973206973206d65737361676520322e')
COMMIT
INSERT INTO "streamOVCTable" VALUES('73747265616d3a2f2f64656d6f2f666f6f320000000000000001','00000000000000030a',1359678527250,3,14,'00')
COMMIT
INSERT INTO "streamOVCTable" VALUES('73747265616d3a2f2f64656d6f2f666f6f0a','0a',1,3,15,'0000000000000004')
COMMIT
INSERT INTO "streamOVCTable" VALUES('73747265616d3a2f2f64656d6f2f666f6f1e','0a',1,3,16,'000000000000000100000000000002640000000000000004')
COMMIT
INSERT INTO "streamOVCTable" VALUES('73747265616d3a2f2f64656d6f2f666f6f14','0a',1,3,17,'0000000000000004')
COMMIT
INSERT INTO "streamOVCTable" VALUES('73747265616d3a2f2f64656d6f2f666f6f320000000000000001','00000000000000041e',1359678527250,3,18,'000000000093010b02020a03686561646572f30604000a05626f64f90606020c07020b08030a09636f6d2e636f6e74696e75756974792e636f6c6c6563746ff20a0a636f6c6c6563742e666c756de50a0b636f6d2e636f6e74696e75756974792e64657374696e6174696fee0a0c666fef0a0d6d6573736167654e756d6265f20a0e82330f0f1354686973206973206d65737361676520332e')
COMMIT
INSERT INTO "streamOVCTable" VALUES('73747265616d3a2f2f64656d6f2f666f6f320000000000000001','00000000000000040a',1359678527250,3,19,'00')
COMMIT
INSERT INTO "streamOVCTable" VALUES('73747265616d3a2f2f64656d6f2f666f6f0a','0a',1,3,20,'0000000000000005')
COMMIT
INSERT INTO "streamOVCTable" VALUES('73747265616d3a2f2f64656d6f2f666f6f1e','0a',1,3,21,'000000000000000100000000000002fd0000000000000005')
COMMIT
INSERT INTO "streamOVCTable" VALUES('73747265616d3a2f2f64656d6f2f666f6f14','0a',1,3,22,'0000000000000005')
COMMIT
INSERT INTO "streamOVCTable" VALUES('73747265616d3a2f2f64656d6f2f666f6f320000000000000001','00000000000000051e',1359678527288,3,23,'000000000093010b02020a03686561646572f30604000a05626f64f90606020c07020b08030a09636f6d2e636f6e74696e75756974792e636f6c6c6563746ff20a0a636f6c6c6563742e666c756de50a0b636f6d2e636f6e74696e75756974792e64657374696e6174696fee0a0c666fef0a0d6d6573736167654e756d6265f20a0e82340f0f1354686973206973206d65737361676520342e')
COMMIT
INSERT INTO "streamOVCTable" VALUES('73747265616d3a2f2f64656d6f2f666f6f320000000000000001','00000000000000050a',1359678527288,3,24,'00')
COMMIT
INSERT INTO "streamOVCTable" VALUES('73747265616d3a2f2f64656d6f2f666f6f0a','0a',1,3,25,'0000000000000006')
COMMIT
INSERT INTO "streamOVCTable" VALUES('73747265616d3a2f2f64656d6f2f666f6f1e','0a',1,3,26,'000000000000000100000000000003960000000000000006')
COMMIT
INSERT INTO "streamOVCTable" VALUES('73747265616d3a2f2f64656d6f2f666f6f14','0a',1,3,27,'0000000000000006')
COMMIT
INSERT INTO "streamOVCTable" VALUES('73747265616d3a2f2f64656d6f2f666f6f320000000000000001','00000000000000061e',1359678527288,3,28,'000000000093010b02020a03686561646572f30604000a05626f64f90606020c07020b08030a09636f6d2e636f6e74696e75756974792e636f6c6c6563746ff20a0a636f6c6c6563742e666c756de50a0b636f6d2e636f6e74696e75756974792e64657374696e6174696fee0a0c666fef0a0d6d6573736167654e756d6265f20a0e82350f0f1354686973206973206d65737361676520352e')
COMMIT
INSERT INTO "streamOVCTable" VALUES('73747265616d3a2f2f64656d6f2f666f6f320000000000000001','00000000000000060a',1359678527288,3,29,'00')
COMMIT
INSERT INTO "streamOVCTable" VALUES('73747265616d3a2f2f64656d6f2f666f6f0a','0a',1,3,30,'0000000000000007')
COMMIT
INSERT INTO "streamOVCTable" VALUES('73747265616d3a2f2f64656d6f2f666f6f1e','0a',1,3,31,'0000000000000001000000000000042f0000000000000007')
COMMIT
INSERT INTO "streamOVCTable" VALUES('73747265616d3a2f2f64656d6f2f666f6f14','0a',1,3,32,'0000000000000007')
COMMIT
INSERT INTO "streamOVCTable" VALUES('73747265616d3a2f2f64656d6f2f666f6f320000000000000001','00000000000000071e',1359678527288,3,33,'000000000093010b02020a03686561646572f30604000a05626f64f90606020c07020b08030a09636f6d2e636f6e74696e75756974792e636f6c6c6563746ff20a0a636f6c6c6563742e666c756de50a0b636f6d2e636f6e74696e75756974792e64657374696e6174696fee0a0c666fef0a0d6d6573736167654e756d6265f20a0e82360f0f1354686973206973206d65737361676520362e')
COMMIT
INSERT INTO "streamOVCTable" VALUES('73747265616d3a2f2f64656d6f2f666f6f320000000000000001','00000000000000070a',1359678527288,3,34,'00')
COMMIT
INSERT INTO "streamOVCTable" VALUES('73747265616d3a2f2f64656d6f2f666f6f0a','0a',1,3,35,'0000000000000008')
COMMIT
INSERT INTO "streamOVCTable" VALUES('73747265616d3a2f2f64656d6f2f666f6f1e','0a',1,3,36,'000000000000000100000000000004c80000000000000008')
COMMIT
INSERT INTO "streamOVCTable" VALUES('73747265616d3a2f2f64656d6f2f666f6f14','0a',1,3,37,'0000000000000008')
COMMIT
INSERT INTO "streamOVCTable" VALUES('73747265616d3a2f2f64656d6f2f666f6f320000000000000001','00000000000000081e',1359678527288,3,38,'000000000093010b02020a03686561646572f30604000a05626f64f90606020c07020b08030a09636f6d2e636f6e74696e75756974792e636f6c6c6563746ff20a0a636f6c6c6563742e666c756de50a0b636f6d2e636f6e74696e75756974792e64657374696e6174696fee0a0c666fef0a0d6d6573736167654e756d6265f20a0e82370f0f1354686973206973206d65737361676520372e')
COMMIT
INSERT INTO "streamOVCTable" VALUES('73747265616d3a2f2f64656d6f2f666f6f320000000000000001','00000000000000080a',1359678527288,3,39,'00')
COMMIT
INSERT INTO "streamOVCTable" VALUES('73747265616d3a2f2f64656d6f2f666f6f0a','0a',1,3,40,'0000000000000009')
COMMIT
INSERT INTO "streamOVCTable" VALUES('73747265616d3a2f2f64656d6f2f666f6f1e','0a',1,3,41,'000000000000000100000000000005610000000000000009')
COMMIT
INSERT INTO "streamOVCTable" VALUES('73747265616d3a2f2f64656d6f2f666f6f14','0a',1,3,42,'0000000000000009')
COMMIT
INSERT INTO "streamOVCTable" VALUES('73747265616d3a2f2f64656d6f2f666f6f320000000000000001','00000000000000091e',1359678527306,3,43,'000000000093010b02020a03686561646572f30604000a05626f64f90606020c07020b08030a09636f6d2e636f6e74696e75756974792e636f6c6c6563746ff20a0a636f6c6c6563742e666c756de50a0b636f6d2e636f6e74696e75756974792e64657374696e6174696fee0a0c666fef0a0d6d6573736167654e756d6265f20a0e82380f0f1354686973206973206d65737361676520382e')
COMMIT
INSERT INTO "streamOVCTable" VALUES('73747265616d3a2f2f64656d6f2f666f6f320000000000000001','00000000000000090a',1359678527306,3,44,'00')
COMMIT
INSERT INTO "streamOVCTable" VALUES('73747265616d3a2f2f64656d6f2f666f6f0a','0a',1,3,45,'000000000000000a')
COMMIT
INSERT INTO "streamOVCTable" VALUES('73747265616d3a2f2f64656d6f2f666f6f1e','0a',1,3,46,'000000000000000100000000000005fa000000000000000a')
COMMIT
INSERT INTO "streamOVCTable" VALUES('73747265616d3a2f2f64656d6f2f666f6f14','0a',1,3,47,'000000000000000a')
COMMIT
INSERT INTO "streamOVCTable" VALUES('73747265616d3a2f2f64656d6f2f666f6f320000000000000001','000000000000000a1e',1359678527306,3,48,'000000000093010b02020a03686561646572f30604000a05626f64f90606020c07020b08030a09636f6d2e636f6e74696e75756974792e636f6c6c6563746ff20a0a636f6c6c6563742e666c756de50a0b636f6d2e636f6e74696e75756974792e64657374696e6174696fee0a0c666fef0a0d6d6573736167654e756d6265f20a0e82390f0f1354686973206973206d65737361676520392e')
COMMIT
INSERT INTO "streamOVCTable" VALUES('73747265616d3a2f2f64656d6f2f666f6f320000000000000001','000000000000000a0a',1359678527306,3,49,'00')
COMMIT
INSERT INTO "streamOVCTable" VALUES('73747265616d3a2f2f64656d6f2f666f6f280000000000000000','0a',1,3,50,'000000010000000000000001000000000000000100')
COMMIT
INSERT INTO "streamOVCTable" VALUES('73747265616d3a2f2f64656d6f2f666f6f28ffffffffffffffff','0000000000000000',1,3,51,'000000010000000000000001000000000000000100')
COMMIT
INSERT INTO "streamOVCTable" VALUES('73747265616d3a2f2f64656d6f2f666f6f320000000000000001','0000000000000001140000000000000000',1,3,52,'030000013c9327d75c00000000')
COMMIT
INSERT INTO "streamOVCTable" VALUES('73747265616d3a2f2f64656d6f2f666f6f320000000000000001','0000000000000001140000000000000000',1,3,53,'010000013c9327d76000000000')
COMMIT
INSERT INTO "streamOVCTable" VALUES('73747265616d3a2f2f64656d6f2f666f6f320000000000000001','0000000000000001140000000000000000',1,3,54,'020000013c9327d76200000000')
COMMIT
INSERT INTO "streamOVCTable" VALUES('73747265616d3a2f2f64656d6f2f666f6f280000000000000000','0a',1,3,55,'000000010000000000000002000000000000000100')
COMMIT
INSERT INTO "streamOVCTable" VALUES('73747265616d3a2f2f64656d6f2f666f6f320000000000000001','0000000000000002140000000000000000',1,3,56,'030000013c9327d76500000000')
COMMIT
INSERT INTO "streamOVCTable" VALUES('73747265616d3a2f2f64656d6f2f666f6f320000000000000001','0000000000000002140000000000000000',1,3,57,'010000013c9327d76700000000')
COMMIT
INSERT INTO "streamOVCTable" VALUES('73747265616d3a2f2f64656d6f2f666f6f320000000000000001','0000000000000002140000000000000000',1,3,58,'020000013c9327d76800000000')
COMMIT
INSERT INTO "streamOVCTable" VALUES('73747265616d3a2f2f64656d6f2f666f6f280000000000000000','0a',1,3,59,'000000010000000000000003000000000000000100')
COMMIT
INSERT INTO "streamOVCTable" VALUES('73747265616d3a2f2f64656d6f2f666f6f320000000000000001','0000000000000003140000000000000000',1,3,60,'030000013c9327d76c00000000')
COMMIT
INSERT INTO "streamOVCTable" VALUES('73747265616d3a2f2f64656d6f2f666f6f320000000000000001','0000000000000003140000000000000000',1,3,61,'010000013c9327d77200000000')
COMMIT
INSERT INTO "streamOVCTable" VALUES('73747265616d3a2f2f64656d6f2f666f6f320000000000000001','0000000000000003140000000000000000',1,3,62,'020000013c9327d77400000000')
COMMIT
INSERT INTO "streamOVCTable" VALUES('73747265616d3a2f2f64656d6f2f666f6f280000000000000000','0a',1,3,63,'000000010000000000000004000000000000000100')
COMMIT
INSERT INTO "streamOVCTable" VALUES('73747265616d3a2f2f64656d6f2f666f6f320000000000000001','0000000000000004140000000000000000',1,3,64,'030000013c9327d77700000000')
COMMIT
INSERT INTO "streamOVCTable" VALUES('73747265616d3a2f2f64656d6f2f666f6f320000000000000001','0000000000000004140000000000000000',1,3,65,'010000013c9327d77900000000')
COMMIT
INSERT INTO "streamOVCTable" VALUES('73747265616d3a2f2f64656d6f2f666f6f320000000000000001','0000000000000004140000000000000000',1,3,66,'020000013c9327d77a00000000')
COMMIT
INSERT INTO "streamOVCTable" VALUES('73747265616d3a2f2f64656d6f2f666f6f280000000000000000','0a',1,3,67,'000000010000000000000005000000000000000100')
COMMIT
INSERT INTO "streamOVCTable" VALUES('73747265616d3a2f2f64656d6f2f666f6f320000000000000001','0000000000000005140000000000000000',1,3,68,'030000013c9327d77e00000000')
COMMIT
INSERT INTO "streamOVCTable" VALUES('73747265616d3a2f2f64656d6f2f666f6f320000000000000001','0000000000000005140000000000000000',1,3,69,'010000013c9327d77f00000000')
COMMIT
INSERT INTO "streamOVCTable" VALUES('73747265616d3a2f2f64656d6f2f666f6f320000000000000001','0000000000000005140000000000000000',1,3,70,'020000013c9327d78000000000')
COMMIT
INSERT INTO "streamOVCTable" VALUES('73747265616d3a2f2f64656d6f2f666f6f280000000000000000','0a',1,3,71,'000000010000000000000006000000000000000100')
COMMIT
INSERT INTO "streamOVCTable" VALUES('73747265616d3a2f2f64656d6f2f666f6f320000000000000001','0000000000000006140000000000000000',1,3,72,'030000013c9327d78400000000')
COMMIT
INSERT INTO "streamOVCTable" VALUES('73747265616d3a2f2f64656d6f2f666f6f320000000000000001','0000000000000006140000000000000000',1,3,73,'010000013c9327d78600000000')
COMMIT
INSERT INTO "streamOVCTable" VALUES('73747265616d3a2f2f64656d6f2f666f6f320000000000000001','0000000000000006140000000000000000',1,3,74,'020000013c9327d78700000000')
COMMIT
INSERT INTO "streamOVCTable" VALUES('73747265616d3a2f2f64656d6f2f666f6f280000000000000000','0a',1,3,75,'000000010000000000000007000000000000000100')
COMMIT
INSERT INTO "streamOVCTable" VALUES('73747265616d3a2f2f64656d6f2f666f6f320000000000000001','0000000000000007140000000000000000',1,3,76,'030000013c9327d78b00000000')
COMMIT
INSERT INTO "streamOVCTable" VALUES('73747265616d3a2f2f64656d6f2f666f6f320000000000000001','0000000000000007140000000000000000',1,3,77,'010000013c9327d78c00000000')
COMMIT
INSERT INTO "streamOVCTable" VALUES('73747265616d3a2f2f64656d6f2f666f6f320000000000000001','0000000000000007140000000000000000',1,3,78,'020000013c9327d78d00000000')
COMMIT
INSERT INTO "streamOVCTable" VALUES('73747265616d3a2f2f64656d6f2f666f6f280000000000000000','0a',1,3,79,'000000010000000000000008000000000000000100')
COMMIT
INSERT INTO "streamOVCTable" VALUES('73747265616d3a2f2f64656d6f2f666f6f320000000000000001','0000000000000008140000000000000000',1,3,80,'030000013c9327d79100000000')
COMMIT
INSERT INTO "streamOVCTable" VALUES('73747265616d3a2f2f64656d6f2f666f6f320000000000000001','0000000000000008140000000000000000',1,3,81,'010000013c9327d79300000000')
COMMIT
INSERT INTO "streamOVCTable" VALUES('73747265616d3a2f2f64656d6f2f666f6f320000000000000001','0000000000000008140000000000000000',1,3,82,'020000013c9327d79400000000')
COMMIT
INSERT INTO "streamOVCTable" VALUES('73747265616d3a2f2f64656d6f2f666f6f280000000000000000','0a',1,3,83,'000000010000000000000009000000000000000100')
COMMIT
INSERT INTO "streamOVCTable" VALUES('73747265616d3a2f2f64656d6f2f666f6f320000000000000001','0000000000000009140000000000000000',1,3,84,'030000013c9327d79800000000')
COMMIT
INSERT INTO "streamOVCTable" VALUES('73747265616d3a2f2f64656d6f2f666f6f320000000000000001','0000000000000009140000000000000000',1,3,85,'010000013c9327d79a00000000')
COMMIT
INSERT INTO "streamOVCTable" VALUES('73747265616d3a2f2f64656d6f2f666f6f320000000000000001','0000000000000009140000000000000000',1,3,86,'020000013c9327d79b00000000')
COMMIT
INSERT INTO "streamOVCTable" VALUES('73747265616d3a2f2f64656d6f2f666f6f280000000000000000','0a',1,3,87,'00000001000000000000000a000000000000000100')
COMMIT
INSERT INTO "streamOVCTable" VALUES('73747265616d3a2f2f64656d6f2f666f6f320000000000000001','000000000000000a140000000000000000',1,3,88,'030000013c9327d79f00000000')
COMMIT
INSERT INTO "streamOVCTable" VALUES('73747265616d3a2f2f64656d6f2f666f6f320000000000000001','000000000000000a140000000000000000',1,3,89,'010000013c9327d7a000000000')
COMMIT
INSERT INTO "streamOVCTable" VALUES('73747265616d3a2f2f64656d6f2f666f6f320000000000000001','000000000000000a140000000000000000',1,3,90,'020000013c9327d7a100000000')
COMMIT
